info it worked if it ends with ok
verbose cli [ 'node', '/usr/local/bin/npm', 'install', 'msgpack' ]
info using npm@1.0.106
info using node@v0.6.3
verbose config file /Users/Jimmy/.npmrc
verbose config file /usr/local/etc/npmrc
verbose config file /usr/local/lib/node_modules/npm/npmrc
silly testEngine { name: 'chatty',
silly testEngine   version: '0.0.1',
silly testEngine   author: { name: 'Jimmy Chao', email: 'daizenga@gmail.com' },
silly testEngine   dependencies: 
silly testEngine    { express: '2.x.x',
silly testEngine      'socket.io': '0.9.x',
silly testEngine      'socket.io-client': '0.9.x',
silly testEngine      redis: '0.7.x',
silly testEngine      jade: '0.20.x',
silly testEngine      nodeunit: 'x.x.x' },
silly testEngine   engine: 'node 0.6.3',
silly testEngine   _id: 'chatty@0.0.1',
silly testEngine   devDependencies: {},
silly testEngine   engines: { node: '*' },
silly testEngine   _engineSupported: true,
silly testEngine   _npmVersion: '1.0.106',
silly testEngine   _nodeVersion: 'v0.6.3',
silly testEngine   _defaultsLoaded: true }
verbose caching /Users/Jimmy/Documents/chatty/package.json
verbose loadDefaults chatty@0.0.1
silly testEngine { name: 'express',
silly testEngine   description: 'Sinatra inspired web development framework',
silly testEngine   version: '2.5.8',
silly testEngine   author: { name: 'TJ Holowaychuk', email: 'tj@vision-media.ca' },
silly testEngine   contributors: 
silly testEngine    [ { name: 'TJ Holowaychuk', email: 'tj@vision-media.ca' },
silly testEngine      { name: 'Aaron Heckmann',
silly testEngine        email: 'aaron.heckmann+github@gmail.com' },
silly testEngine      { name: 'Ciaran Jessup', email: 'ciaranj@gmail.com' },
silly testEngine      { name: 'Guillermo Rauch', email: 'rauchg@gmail.com' } ],
silly testEngine   dependencies: { connect: '1.x', mime: '1.2.4', qs: '0.4.x', mkdirp: '0.3.0' },
silly testEngine   devDependencies: 
silly testEngine    { 'connect-form': '0.2.1',
silly testEngine      ejs: '0.4.2',
silly testEngine      expresso: '0.9.2',
silly testEngine      hamljs: '0.6.x',
silly testEngine      jade: '0.16.2',
silly testEngine      stylus: '0.13.0',
silly testEngine      should: '0.3.2',
silly testEngine      'express-messages': '0.0.2',
silly testEngine      'node-markdown': '>= 0.0.1',
silly testEngine      'connect-redis': '>= 0.0.1' },
silly testEngine   keywords: [ 'framework', 'sinatra', 'web', 'rest', 'restful' ],
silly testEngine   repository: { type: 'git', url: 'git://github.com/visionmedia/express.git' },
silly testEngine   main: 'index',
silly testEngine   bin: { express: './bin/express' },
silly testEngine   scripts: { test: 'make test', prepublish: 'npm prune' },
silly testEngine   engines: { node: '>= 0.4.1 < 0.7.0' },
silly testEngine   _id: 'express@2.5.8',
silly testEngine   _engineSupported: true,
silly testEngine   _npmVersion: '1.0.106',
silly testEngine   _nodeVersion: 'v0.6.3',
silly testEngine   _defaultsLoaded: true }
verbose caching /Users/Jimmy/Documents/chatty/node_modules/express/package.json
verbose loadDefaults express@2.5.8
silly testEngine { name: 'jade',
silly testEngine   description: 'Jade template engine',
silly testEngine   version: '0.20.3',
silly testEngine   author: { name: 'TJ Holowaychuk', email: 'tj@vision-media.ca' },
silly testEngine   repository: { type: 'git', url: 'git://github.com/visionmedia/jade.git' },
silly testEngine   main: './index.js',
silly testEngine   bin: { jade: './bin/jade' },
silly testEngine   dependencies: { commander: '0.5.x', mkdirp: '>= 0.0.7' },
silly testEngine   devDependencies: 
silly testEngine    { mocha: '*',
silly testEngine      'coffee-script': '>= 0.0.1',
silly testEngine      markdown: '>= 0.0.1',
silly testEngine      stylus: '>= 0.0.1',
silly testEngine      uubench: '0.0.1',
silly testEngine      'uglify-js': '>= 1.0.7' },
silly testEngine   scripts: { prepublish: 'npm prune' },
silly testEngine   engines: { node: '>= 0.1.98' },
silly testEngine   _id: 'jade@0.20.3',
silly testEngine   _engineSupported: true,
silly testEngine   _npmVersion: '1.0.106',
silly testEngine   _nodeVersion: 'v0.6.3',
silly testEngine   _defaultsLoaded: true }
verbose caching /Users/Jimmy/Documents/chatty/node_modules/jade/package.json
verbose loadDefaults jade@0.20.3
silly testEngine { name: 'nodeunit',
silly testEngine   description: 'Easy unit testing for node.js and the browser.',
silly testEngine   maintainers: [ { name: 'Caolan McMahon', url: 'https://github.com/caolan' } ],
silly testEngine   contributors: 
silly testEngine    [ { name: 'Romain Beauxis', url: 'https://github.com/toots' },
silly testEngine      { name: 'Alex Gorbatchev',
silly testEngine        url: 'https://github.com/alexgorbatchev' },
silly testEngine      { name: 'Alex Wolfe', url: 'https://github.com/alexkwolfe' },
silly testEngine      { name: 'Carl Fürstenberg', url: 'https://github.com/azatoth' },
silly testEngine      { name: 'Gerad Suyderhoud', url: 'https://github.com/gerad' },
silly testEngine      { name: 'Kadir Pekel', url: 'https://github.com/coffeemate' },
silly testEngine      { name: 'Oleg Efimov', url: 'https://github.com/Sannis' },
silly testEngine      { name: 'Orlando Vazquez', url: 'https://github.com/orlandov' },
silly testEngine      { name: 'Ryan Dahl', url: 'https://github.com/ry' },
silly testEngine      { name: 'Sam Stephenson',
silly testEngine        url: 'https://github.com/sstephenson' },
silly testEngine      { name: 'Thomas Mayfield',
silly testEngine        url: 'https://github.com/thegreatape' },
silly testEngine      { name: 'Elijah Insua',
silly testEngine        email: 'tmpvar@gmail.com',
silly testEngine        url: 'http://tmpvar.com' } ],
silly testEngine   version: '0.7.4',
silly testEngine   repository: { type: 'git', url: 'git://github.com/caolan/nodeunit.git' },
silly testEngine   devDependencies: { 'uglify-js': '>=1.1.0', should: '>=0.4.2' },
silly testEngine   bugs: { url: 'http://github.com/caolan/nodeunit/issues' },
silly testEngine   licenses: 
silly testEngine    [ { type: 'MIT',
silly testEngine        url: 'http://github.com/caolan/nodeunit/raw/master/LICENSE' } ],
silly testEngine   directories: { lib: './lib', doc: './doc', man: './man1' },
silly testEngine   bin: { nodeunit: './bin/nodeunit' },
silly testEngine   dependencies: { tap: '>=0.2.3' },
silly testEngine   _id: 'nodeunit@0.7.4',
silly testEngine   engines: { node: '*' },
silly testEngine   _engineSupported: true,
silly testEngine   _npmVersion: '1.0.106',
silly testEngine   _nodeVersion: 'v0.6.3',
silly testEngine   _defaultsLoaded: true,
silly testEngine   man: [ 'man1/nodeunit.1' ] }
verbose caching /Users/Jimmy/Documents/chatty/node_modules/nodeunit/package.json
verbose loadDefaults nodeunit@0.7.4
silly testEngine { name: 'redis',
silly testEngine   version: '0.7.1',
silly testEngine   description: 'Redis client library',
silly testEngine   author: { name: 'Matt Ranney', email: 'mjr@ranney.com' },
silly testEngine   contributors: 
silly testEngine    [ { name: 'Rick Olson' },
silly testEngine      { name: 'Tim-Smart' },
silly testEngine      { name: 'TJ Holowaychuk' },
silly testEngine      { name: 'Orion Henry' },
silly testEngine      { name: 'Hank Sims' },
silly testEngine      { name: 'Aivo Paas' },
silly testEngine      { name: 'Paul Carey' },
silly testEngine      { name: 'Pieter Noordhuis' },
silly testEngine      { name: 'Andy Ray' },
silly testEngine      { name: 'Vladimir Dronnikov' },
silly testEngine      { name: 'Dave Hoover' } ],
silly testEngine   main: './index.js',
silly testEngine   scripts: { test: 'node ./test.js' },
silly testEngine   devDependencies: { metrics: '>=0.1.5' },
silly testEngine   repository: { type: 'git', url: 'git://github.com/mranney/node_redis.git' },
silly testEngine   _id: 'redis@0.7.1',
silly testEngine   dependencies: {},
silly testEngine   engines: { node: '*' },
silly testEngine   _engineSupported: true,
silly testEngine   _npmVersion: '1.0.106',
silly testEngine   _nodeVersion: 'v0.6.3',
silly testEngine   _defaultsLoaded: true }
verbose caching /Users/Jimmy/Documents/chatty/node_modules/redis/package.json
verbose loadDefaults redis@0.7.1
silly testEngine { name: 'socket.io',
silly testEngine   version: '0.9.0',
silly testEngine   description: 'Real-time apps made cross-browser & easy with a WebSocket-like API',
silly testEngine   homepage: 'http://socket.io',
silly testEngine   keywords: [ 'websocket', 'socket', 'realtime', 'socket.io', 'comet', 'ajax' ],
silly testEngine   author: { name: 'Guillermo Rauch', email: 'guillermo@learnboost.com' },
silly testEngine   contributors: 
silly testEngine    [ { name: 'Guillermo Rauch', email: 'rauchg@gmail.com' },
silly testEngine      { name: 'Arnout Kazemier', email: 'info@3rd-eden.com' },
silly testEngine      { name: 'Vladimir Dronnikov', email: 'dronnikov@gmail.com' },
silly testEngine      { name: 'Einar Otto Stangvik', email: 'einaros@gmail.com' } ],
silly testEngine   repository: 
silly testEngine    { type: 'git',
silly testEngine      url: 'git://github.com/LearnBoost/socket.io.git' },
silly testEngine   dependencies: 
silly testEngine    { 'socket.io-client': '0.9.0',
silly testEngine      policyfile: '0.0.4',
silly testEngine      redis: '0.6.7' },
silly testEngine   devDependencies: 
silly testEngine    { expresso: '0.9.2',
silly testEngine      should: '0.0.4',
silly testEngine      benchmark: '0.2.2',
silly testEngine      microtime: '0.1.3-1',
silly testEngine      colors: '0.5.1' },
silly testEngine   main: 'index',
silly testEngine   engines: { node: '>= 0.4.0' },
silly testEngine   scripts: { test: 'make test' },
silly testEngine   _id: 'socket.io@0.9.0',
silly testEngine   _engineSupported: true,
silly testEngine   _npmVersion: '1.0.106',
silly testEngine   _nodeVersion: 'v0.6.3',
silly testEngine   _defaultsLoaded: true }
verbose caching /Users/Jimmy/Documents/chatty/node_modules/socket.io/package.json
verbose loadDefaults socket.io@0.9.0
silly testEngine { name: 'socket.io-client',
silly testEngine   description: 'Socket.IO client for the browser and node.js',
silly testEngine   version: '0.9.0',
silly testEngine   main: './lib/io.js',
silly testEngine   browserify: './dist/socket.io.js',
silly testEngine   homepage: 'http://socket.io',
silly testEngine   keywords: [ 'websocket', 'socket', 'realtime', 'socket.io', 'comet', 'ajax' ],
silly testEngine   author: { name: 'Guillermo Rauch', email: 'guillermo@learnboost.com' },
silly testEngine   contributors: 
silly testEngine    [ { name: 'Guillermo Rauch', email: 'rauchg@gmail.com' },
silly testEngine      { name: 'Arnout Kazemier', email: 'info@3rd-eden.com' },
silly testEngine      { name: 'Vladimir Dronnikov', email: 'dronnikov@gmail.com' },
silly testEngine      { name: 'Einar Otto Stangvik', email: 'einaros@gmail.com' } ],
silly testEngine   repository: 
silly testEngine    { type: 'git',
silly testEngine      url: 'git://github.com/LearnBoost/socket.io-client.git' },
silly testEngine   dependencies: { 'uglify-js': '1.2.5', ws: '0.4.0', xmlhttprequest: '1.2.2' },
silly testEngine   devDependencies: 
silly testEngine    { expresso: '*',
silly testEngine      express: '2.5.x',
silly testEngine      jade: '*',
silly testEngine      stylus: '*',
silly testEngine      'socket.io': '0.9.0',
silly testEngine      'socket.io-client': '0.9.0' },
silly testEngine   engines: { node: '>= 0.4.0' },
silly testEngine   _id: 'socket.io-client@0.9.0',
silly testEngine   _engineSupported: true,
silly testEngine   _npmVersion: '1.0.106',
silly testEngine   _nodeVersion: 'v0.6.3',
silly testEngine   _defaultsLoaded: true }
verbose caching /Users/Jimmy/Documents/chatty/node_modules/socket.io-client/package.json
verbose loadDefaults socket.io-client@0.9.0
verbose from cache /Users/Jimmy/Documents/chatty/package.json
verbose into /Users/Jimmy/Documents/chatty [ 'msgpack' ]
verbose cache add msgpack
verbose cache add [ 'msgpack', null ]
silly cache add: name, spec, args [ undefined, 'msgpack', [ 'msgpack', null ] ]
verbose parsed url { pathname: 'msgpack', path: 'msgpack', href: 'msgpack' }
info addNamed [ 'msgpack', '' ]
verbose addNamed [ null, '' ]
verbose GET msgpack
verbose raw, before any munging msgpack
verbose url resolving [ 'https://registry.npmjs.org/', './msgpack' ]
verbose url resolved https://registry.npmjs.org/msgpack
verbose etag "28JCYO206HY0YVUH1IJRYQ7PK"
silly get cb [ 304,
silly get cb   { server: 'CouchDB/1.2.0 (Erlang OTP/R15B)',
silly get cb     etag: '"28JCYO206HY0YVUH1IJRYQ7PK"',
silly get cb     date: 'Tue, 06 Mar 2012 06:21:35 GMT',
silly get cb     'content-length': '0' } ]
verbose etag msgpack from cache
verbose GET msgpack/0.1.3
verbose raw, before any munging msgpack/0.1.3
verbose url resolving [ 'https://registry.npmjs.org/', './msgpack/0.1.3' ]
verbose url resolved https://registry.npmjs.org/msgpack/0.1.3
verbose etag "28JCYO206HY0YVUH1IJRYQ7PK"
silly get cb [ 304,
silly get cb   { server: 'CouchDB/1.2.0 (Erlang OTP/R15B)',
silly get cb     etag: '"28JCYO206HY0YVUH1IJRYQ7PK"',
silly get cb     date: 'Tue, 06 Mar 2012 06:21:35 GMT',
silly get cb     'content-length': '0' } ]
verbose etag msgpack/0.1.3 from cache
verbose bin dist [ '0.6-ares1.7.5-DEV-evundefined-openssl0.9.8r-v83.6.6.8-darwin-x64-11.2.0',
verbose bin dist   { tarball: 'http://registry.npmjs.org/msgpack/-/msgpack-0.1.3.tgz' } ]
silly testEngine { name: 'msgpack',
silly testEngine   description: 'A space-efficient object serialization library for node.js',
silly testEngine   version: '0.1.3',
silly testEngine   homepage: 'https://github.com/pgriess/node-msgpack',
silly testEngine   author: { name: 'Peter Griess', email: 'pg@std.in' },
silly testEngine   contributors: 
silly testEngine    [ { name: 'Tom Taylor',
silly testEngine        email: 'tom@tomtaylor.co.uk',
silly testEngine        url: 'http://tomtaylor.co.uk' } ],
silly testEngine   repository: 
silly testEngine    { type: 'git',
silly testEngine      url: 'git://github.com/pgriess/node-msgpack.git' },
silly testEngine   main: './lib/msgpack',
silly testEngine   directories: { lib: 'lib' },
silly testEngine   engines: { node: '>=0.1.97' },
silly testEngine   scripts: { preinstall: 'make', preuninstall: 'make clean' },
silly testEngine   bin: 
silly testEngine    { json2msgpack: './bin/json2msgpack',
silly testEngine      msgpack2json: './bin/msgpack2json' },
silly testEngine   _id: 'msgpack@0.1.3',
silly testEngine   dependencies: {},
silly testEngine   devDependencies: {},
silly testEngine   _engineSupported: true,
silly testEngine   _npmVersion: '1.0.106',
silly testEngine   _nodeVersion: 'v0.6.3',
silly testEngine   _defaultsLoaded: true }
verbose caching /Users/Jimmy/.npm/msgpack/0.1.3/package/package.json
verbose loadDefaults msgpack@0.1.3
silly resolved [ { name: 'msgpack',
silly resolved     description: 'A space-efficient object serialization library for node.js',
silly resolved     version: '0.1.3',
silly resolved     homepage: 'https://github.com/pgriess/node-msgpack',
silly resolved     author: { name: 'Peter Griess', email: 'pg@std.in' },
silly resolved     contributors: 
silly resolved      [ { name: 'Tom Taylor',
silly resolved          email: 'tom@tomtaylor.co.uk',
silly resolved          url: 'http://tomtaylor.co.uk' } ],
silly resolved     repository: 
silly resolved      { type: 'git',
silly resolved        url: 'git://github.com/pgriess/node-msgpack.git' },
silly resolved     main: './lib/msgpack',
silly resolved     directories: { lib: 'lib' },
silly resolved     engines: { node: '>=0.1.97' },
silly resolved     scripts: { preinstall: 'make', preuninstall: 'make clean' },
silly resolved     bin: 
silly resolved      { json2msgpack: './bin/json2msgpack',
silly resolved        msgpack2json: './bin/msgpack2json' },
silly resolved     _id: 'msgpack@0.1.3',
silly resolved     dependencies: {},
silly resolved     devDependencies: {},
silly resolved     _engineSupported: true,
silly resolved     _npmVersion: '1.0.106',
silly resolved     _nodeVersion: 'v0.6.3',
silly resolved     _defaultsLoaded: true } ]
info into /Users/Jimmy/Documents/chatty msgpack@0.1.3
info installOne msgpack@0.1.3
info unbuild /Users/Jimmy/Documents/chatty/node_modules/msgpack
verbose from cache /Users/Jimmy/.npm/msgpack/0.1.3/package/package.json
verbose mkdir (expected) error ENOENT, no such file or directory '/Users/Jimmy/Documents/chatty/node_modules/___msgpack.npm'
verbose mkdir done: /Users/Jimmy/Documents/chatty/node_modules/___msgpack.npm 755
verbose unpack_ uid, gid [ undefined, undefined ]
verbose unpackTarget /Users/Jimmy/Documents/chatty/node_modules/msgpack
silly gunzTarPerm modes [ '755', '644' ]
silly spawning [ 'tar',
silly spawning   [ '-zmvxpf', '/Users/Jimmy/.npm/msgpack/0.1.3/package.tgz' ],
silly spawning   '/Users/Jimmy/Documents/chatty/node_modules/___msgpack.npm' ]
silly tar err x package/.gitignore
silly tar err x package/bench.js
silly tar err x package/LICENSE
silly tar err x package/Makefile
silly tar err x package/package.json
silly tar err x package/README.md
silly tar err x package/bin/json2msgpack
silly tar err x package/bin/msgpack2json
silly tar err x package/lib/msgpack.js
silly tar err x package/src/msgpack.cc
silly tar err x package/src/wscript
silly tar err x package/test/test-stream-disjoint.js
silly tar err x package/test/test-stream.js
silly tar err x package/test/test-unpack-extra.js
silly tar err x package/test/test.js
silly tar err x package/deps/msgpack/aclocal.m4
silly tar err x package/deps/msgpack/AUTHORS
silly tar err x package/deps/msgpack/ChangeLog
silly tar err x package/deps/msgpack/config.h.in
silly tar err x package/deps/msgpack/configure
silly tar err x package/deps/msgpack/configure.in
silly tar err x package/deps/msgpack/COPYING
silly tar err x package/deps/msgpack/INSTALL
silly tar err x package/deps/msgpack/LICENSE
silly tar err x package/deps/msgpack/Makefile.am
silly tar err x package/deps/msgpack/Makefile.in
silly tar err x package/deps/msgpack/msgpack.h
silly tar err x package/deps/msgpack/msgpack.hpp
silly tar err x package/deps/msgpack/msgpack_test.cpp
silly tar err x package/deps/msgpack/msgpack_vc8.postbuild.bat
silly tar err x package/deps/msgpack/msgpack_vc8.sln
silly tar err x package/deps/msgpack/msgpack_vc8.vcproj
silly tar err x package/deps/msgpack/msgpackc_test.cpp
silly tar err x package/deps/msgpack/NEWS
silly tar err x package/deps/msgpack/NOTICE
silly tar err x package/deps/msgpack/object.cpp
silly tar err x package/deps/msgpack/objectc.c
silly tar err x package/deps/msgpack/README
silly tar err x package/deps/msgpack/README.md
silly tar err x package/deps/msgpack/unpack.c
silly tar err x package/deps/msgpack/vrefbuffer.c
silly tar err x package/deps/msgpack/zone.c
silly tar err x package/deps/msgpack/ac/compile
silly tar err x package/deps/msgpack/ac/config.guess
silly tar err x package/deps/msgpack/ac/config.sub
silly tar err x package/deps/msgpack/ac/depcomp
silly tar err x package/deps/msgpack/ac/install-sh
silly tar err x package/deps/msgpack/ac/ltmain.sh
silly tar err x package/deps/msgpack/ac/missing
silly tar err x package/deps/msgpack/test/buffer.cc
silly tar err x package/deps/msgpack/test/convert.cc
silly tar err x package/deps/msgpack/test/Makefile.am
silly tar err x package/deps/msgpack/test/Makefile.in
silly tar err x package/deps/msgpack/test/object.cc
silly tar err x package/deps/msgpack/test/pack_unpack.cc
silly tar err x package/deps/msgpack/test/streaming.cc
silly tar err x package/deps/msgpack/test/zone.cc
silly tar err x package/deps/msgpack/msgpack/object.h
silly tar err x package/deps/msgpack/msgpack/object.hpp
silly tar err x package/deps/msgpack/msgpack/pack.h
silly tar err x package/deps/msgpack/msgpack/pack.hpp
silly tar err x package/deps/msgpack/msgpack/pack_define.h
silly tar err x package/deps/msgpack/msgpack/pack_template.h
silly tar err x package/deps/msgpack/msgpack/sbuffer.hpp
silly tar err x package/deps/msgpack/msgpack/sbuffer.h
silly tar err x package/deps/msgpack/msgpack/sysdep.h
silly tar err x package/deps/msgpack/msgpack/type.hpp
silly tar err x package/deps/msgpack/msgpack/unpack.h
silly tar err x package/deps/msgpack/msgpack/unpack.hpp
silly tar err x package/deps/msgpack/msgpack/unpack_define.h
silly tar err x package/deps/msgpack/msgpack/unpack_template.h
silly tar err x package/deps/msgpack/msgpack/vrefbuffer.h
silly tar err x package/deps/msgpack/msgpack/vrefbuffer.hpp
silly tar err x package/deps/msgpack/msgpack/zbuffer.h
silly tar err x package/deps/msgpack/msgpack/zbuffer.hpp
silly tar err x package/deps/msgpack/msgpack/zone.h
silly tar err x package/deps/msgpack/msgpack/zone.hpp
silly tar err x package/deps/msgpack/msgpack/type/bool.hpp
silly tar err x package/deps/msgpack/msgpack/type/define.hpp
silly tar err x package/deps/msgpack/msgpack/type/deque.hpp
silly tar err x package/deps/msgpack/msgpack/type/float.hpp
silly tar err x package/deps/msgpack/msgpack/type/int.hpp
silly tar err x package/deps/msgpack/msgpack/type/list.hpp
silly tar err x package/deps/msgpack/msgpack/type/map.hpp
silly tar err x package/deps/msgpack/msgpack/type/nil.hpp
silly tar err x package/deps/msgpack/msgpack/type/pair.hpp
silly tar err x package/deps/msgpack/msgpack/type/raw.hpp
silly tar err x package/deps/msgpack/msgpack/type/set.hpp
silly tar err x package/deps/msgpack/msgpack/type/string.hpp
silly tar err x package/deps/msgpack/msgpack/type/tuple.hpp
silly tar err x package/deps/msgpack/msgpack/type/vector.hpp
silly tar err x package/deps/msgpack/msgpack/type/tr1/unordered_map.hpp
silly tar err x package/deps/msgpack/msgpack/type/tr1/unordered_set.hpp
silly tar exit 0
silly asyncMap in gTP /Users/Jimmy/Documents/chatty/node_modules/___msgpack.npm/package
silly asyncMap in gTP /Users/Jimmy/Documents/chatty/node_modules/___msgpack.npm/package/.gitignore
silly asyncMap in gTP /Users/Jimmy/Documents/chatty/node_modules/___msgpack.npm/package/bench.js
silly asyncMap in gTP /Users/Jimmy/Documents/chatty/node_modules/___msgpack.npm/package/LICENSE
silly asyncMap in gTP /Users/Jimmy/Documents/chatty/node_modules/___msgpack.npm/package/Makefile
silly asyncMap in gTP /Users/Jimmy/Documents/chatty/node_modules/___msgpack.npm/package/package.json
silly asyncMap in gTP /Users/Jimmy/Documents/chatty/node_modules/___msgpack.npm/package/README.md
silly asyncMap in gTP /Users/Jimmy/Documents/chatty/node_modules/___msgpack.npm/package/bin
silly asyncMap in gTP /Users/Jimmy/Documents/chatty/node_modules/___msgpack.npm/package/bin/json2msgpack
silly asyncMap in gTP /Users/Jimmy/Documents/chatty/node_modules/___msgpack.npm/package/bin/msgpack2json
silly asyncMap in gTP /Users/Jimmy/Documents/chatty/node_modules/___msgpack.npm/package/lib
silly asyncMap in gTP /Users/Jimmy/Documents/chatty/node_modules/___msgpack.npm/package/lib/msgpack.js
silly asyncMap in gTP /Users/Jimmy/Documents/chatty/node_modules/___msgpack.npm/package/src
silly asyncMap in gTP /Users/Jimmy/Documents/chatty/node_modules/___msgpack.npm/package/src/msgpack.cc
silly asyncMap in gTP /Users/Jimmy/Documents/chatty/node_modules/___msgpack.npm/package/src/wscript
silly asyncMap in gTP /Users/Jimmy/Documents/chatty/node_modules/___msgpack.npm/package/test
silly asyncMap in gTP /Users/Jimmy/Documents/chatty/node_modules/___msgpack.npm/package/test/test-stream-disjoint.js
silly asyncMap in gTP /Users/Jimmy/Documents/chatty/node_modules/___msgpack.npm/package/test/test-stream.js
silly asyncMap in gTP /Users/Jimmy/Documents/chatty/node_modules/___msgpack.npm/package/test/test-unpack-extra.js
silly asyncMap in gTP /Users/Jimmy/Documents/chatty/node_modules/___msgpack.npm/package/test/test.js
silly asyncMap in gTP /Users/Jimmy/Documents/chatty/node_modules/___msgpack.npm/package/deps
silly asyncMap in gTP /Users/Jimmy/Documents/chatty/node_modules/___msgpack.npm/package/deps/msgpack
silly asyncMap in gTP /Users/Jimmy/Documents/chatty/node_modules/___msgpack.npm/package/deps/msgpack/aclocal.m4
silly asyncMap in gTP /Users/Jimmy/Documents/chatty/node_modules/___msgpack.npm/package/deps/msgpack/AUTHORS
silly asyncMap in gTP /Users/Jimmy/Documents/chatty/node_modules/___msgpack.npm/package/deps/msgpack/ChangeLog
silly asyncMap in gTP /Users/Jimmy/Documents/chatty/node_modules/___msgpack.npm/package/deps/msgpack/config.h.in
silly asyncMap in gTP /Users/Jimmy/Documents/chatty/node_modules/___msgpack.npm/package/deps/msgpack/configure
silly asyncMap in gTP /Users/Jimmy/Documents/chatty/node_modules/___msgpack.npm/package/deps/msgpack/configure.in
silly asyncMap in gTP /Users/Jimmy/Documents/chatty/node_modules/___msgpack.npm/package/deps/msgpack/COPYING
silly asyncMap in gTP /Users/Jimmy/Documents/chatty/node_modules/___msgpack.npm/package/deps/msgpack/INSTALL
silly asyncMap in gTP /Users/Jimmy/Documents/chatty/node_modules/___msgpack.npm/package/deps/msgpack/LICENSE
silly asyncMap in gTP /Users/Jimmy/Documents/chatty/node_modules/___msgpack.npm/package/deps/msgpack/Makefile.am
silly asyncMap in gTP /Users/Jimmy/Documents/chatty/node_modules/___msgpack.npm/package/deps/msgpack/Makefile.in
silly asyncMap in gTP /Users/Jimmy/Documents/chatty/node_modules/___msgpack.npm/package/deps/msgpack/msgpack.h
silly asyncMap in gTP /Users/Jimmy/Documents/chatty/node_modules/___msgpack.npm/package/deps/msgpack/msgpack.hpp
silly asyncMap in gTP /Users/Jimmy/Documents/chatty/node_modules/___msgpack.npm/package/deps/msgpack/msgpack_test.cpp
silly asyncMap in gTP /Users/Jimmy/Documents/chatty/node_modules/___msgpack.npm/package/deps/msgpack/msgpack_vc8.postbuild.bat
silly asyncMap in gTP /Users/Jimmy/Documents/chatty/node_modules/___msgpack.npm/package/deps/msgpack/msgpack_vc8.sln
silly asyncMap in gTP /Users/Jimmy/Documents/chatty/node_modules/___msgpack.npm/package/deps/msgpack/msgpack_vc8.vcproj
silly asyncMap in gTP /Users/Jimmy/Documents/chatty/node_modules/___msgpack.npm/package/deps/msgpack/msgpackc_test.cpp
silly asyncMap in gTP /Users/Jimmy/Documents/chatty/node_modules/___msgpack.npm/package/deps/msgpack/NEWS
silly asyncMap in gTP /Users/Jimmy/Documents/chatty/node_modules/___msgpack.npm/package/deps/msgpack/NOTICE
silly asyncMap in gTP /Users/Jimmy/Documents/chatty/node_modules/___msgpack.npm/package/deps/msgpack/object.cpp
silly asyncMap in gTP /Users/Jimmy/Documents/chatty/node_modules/___msgpack.npm/package/deps/msgpack/objectc.c
silly asyncMap in gTP /Users/Jimmy/Documents/chatty/node_modules/___msgpack.npm/package/deps/msgpack/README
silly asyncMap in gTP /Users/Jimmy/Documents/chatty/node_modules/___msgpack.npm/package/deps/msgpack/README.md
silly asyncMap in gTP /Users/Jimmy/Documents/chatty/node_modules/___msgpack.npm/package/deps/msgpack/unpack.c
silly asyncMap in gTP /Users/Jimmy/Documents/chatty/node_modules/___msgpack.npm/package/deps/msgpack/vrefbuffer.c
silly asyncMap in gTP /Users/Jimmy/Documents/chatty/node_modules/___msgpack.npm/package/deps/msgpack/zone.c
silly asyncMap in gTP /Users/Jimmy/Documents/chatty/node_modules/___msgpack.npm/package/deps/msgpack/ac
silly asyncMap in gTP /Users/Jimmy/Documents/chatty/node_modules/___msgpack.npm/package/deps/msgpack/ac/compile
silly asyncMap in gTP /Users/Jimmy/Documents/chatty/node_modules/___msgpack.npm/package/deps/msgpack/ac/config.guess
silly asyncMap in gTP /Users/Jimmy/Documents/chatty/node_modules/___msgpack.npm/package/deps/msgpack/ac/config.sub
silly asyncMap in gTP /Users/Jimmy/Documents/chatty/node_modules/___msgpack.npm/package/deps/msgpack/ac/depcomp
silly asyncMap in gTP /Users/Jimmy/Documents/chatty/node_modules/___msgpack.npm/package/deps/msgpack/ac/install-sh
silly asyncMap in gTP /Users/Jimmy/Documents/chatty/node_modules/___msgpack.npm/package/deps/msgpack/ac/ltmain.sh
silly asyncMap in gTP /Users/Jimmy/Documents/chatty/node_modules/___msgpack.npm/package/deps/msgpack/ac/missing
silly asyncMap in gTP /Users/Jimmy/Documents/chatty/node_modules/___msgpack.npm/package/deps/msgpack/test
silly asyncMap in gTP /Users/Jimmy/Documents/chatty/node_modules/___msgpack.npm/package/deps/msgpack/test/buffer.cc
silly asyncMap in gTP /Users/Jimmy/Documents/chatty/node_modules/___msgpack.npm/package/deps/msgpack/test/convert.cc
silly asyncMap in gTP /Users/Jimmy/Documents/chatty/node_modules/___msgpack.npm/package/deps/msgpack/test/Makefile.am
silly asyncMap in gTP /Users/Jimmy/Documents/chatty/node_modules/___msgpack.npm/package/deps/msgpack/test/Makefile.in
silly asyncMap in gTP /Users/Jimmy/Documents/chatty/node_modules/___msgpack.npm/package/deps/msgpack/test/object.cc
silly asyncMap in gTP /Users/Jimmy/Documents/chatty/node_modules/___msgpack.npm/package/deps/msgpack/test/pack_unpack.cc
silly asyncMap in gTP /Users/Jimmy/Documents/chatty/node_modules/___msgpack.npm/package/deps/msgpack/test/streaming.cc
silly asyncMap in gTP /Users/Jimmy/Documents/chatty/node_modules/___msgpack.npm/package/deps/msgpack/test/zone.cc
silly asyncMap in gTP /Users/Jimmy/Documents/chatty/node_modules/___msgpack.npm/package/deps/msgpack/msgpack
silly asyncMap in gTP /Users/Jimmy/Documents/chatty/node_modules/___msgpack.npm/package/deps/msgpack/msgpack/object.h
silly asyncMap in gTP /Users/Jimmy/Documents/chatty/node_modules/___msgpack.npm/package/deps/msgpack/msgpack/object.hpp
silly asyncMap in gTP /Users/Jimmy/Documents/chatty/node_modules/___msgpack.npm/package/deps/msgpack/msgpack/pack.h
silly asyncMap in gTP /Users/Jimmy/Documents/chatty/node_modules/___msgpack.npm/package/deps/msgpack/msgpack/pack.hpp
silly asyncMap in gTP /Users/Jimmy/Documents/chatty/node_modules/___msgpack.npm/package/deps/msgpack/msgpack/pack_define.h
silly asyncMap in gTP /Users/Jimmy/Documents/chatty/node_modules/___msgpack.npm/package/deps/msgpack/msgpack/pack_template.h
silly asyncMap in gTP /Users/Jimmy/Documents/chatty/node_modules/___msgpack.npm/package/deps/msgpack/msgpack/sbuffer.h
silly asyncMap in gTP /Users/Jimmy/Documents/chatty/node_modules/___msgpack.npm/package/deps/msgpack/msgpack/sbuffer.hpp
silly asyncMap in gTP /Users/Jimmy/Documents/chatty/node_modules/___msgpack.npm/package/deps/msgpack/msgpack/sysdep.h
silly asyncMap in gTP /Users/Jimmy/Documents/chatty/node_modules/___msgpack.npm/package/deps/msgpack/msgpack/type.hpp
silly asyncMap in gTP /Users/Jimmy/Documents/chatty/node_modules/___msgpack.npm/package/deps/msgpack/msgpack/unpack.h
silly asyncMap in gTP /Users/Jimmy/Documents/chatty/node_modules/___msgpack.npm/package/deps/msgpack/msgpack/unpack.hpp
silly asyncMap in gTP /Users/Jimmy/Documents/chatty/node_modules/___msgpack.npm/package/deps/msgpack/msgpack/unpack_define.h
silly asyncMap in gTP /Users/Jimmy/Documents/chatty/node_modules/___msgpack.npm/package/deps/msgpack/msgpack/unpack_template.h
silly asyncMap in gTP /Users/Jimmy/Documents/chatty/node_modules/___msgpack.npm/package/deps/msgpack/msgpack/vrefbuffer.h
silly asyncMap in gTP /Users/Jimmy/Documents/chatty/node_modules/___msgpack.npm/package/deps/msgpack/msgpack/vrefbuffer.hpp
silly asyncMap in gTP /Users/Jimmy/Documents/chatty/node_modules/___msgpack.npm/package/deps/msgpack/msgpack/zbuffer.h
silly asyncMap in gTP /Users/Jimmy/Documents/chatty/node_modules/___msgpack.npm/package/deps/msgpack/msgpack/zbuffer.hpp
silly asyncMap in gTP /Users/Jimmy/Documents/chatty/node_modules/___msgpack.npm/package/deps/msgpack/msgpack/zone.h
silly asyncMap in gTP /Users/Jimmy/Documents/chatty/node_modules/___msgpack.npm/package/deps/msgpack/msgpack/zone.hpp
silly asyncMap in gTP /Users/Jimmy/Documents/chatty/node_modules/___msgpack.npm/package/deps/msgpack/msgpack/type
silly asyncMap in gTP /Users/Jimmy/Documents/chatty/node_modules/___msgpack.npm/package/deps/msgpack/msgpack/type/bool.hpp
silly asyncMap in gTP /Users/Jimmy/Documents/chatty/node_modules/___msgpack.npm/package/deps/msgpack/msgpack/type/define.hpp
silly asyncMap in gTP /Users/Jimmy/Documents/chatty/node_modules/___msgpack.npm/package/deps/msgpack/msgpack/type/deque.hpp
silly asyncMap in gTP /Users/Jimmy/Documents/chatty/node_modules/___msgpack.npm/package/deps/msgpack/msgpack/type/float.hpp
silly asyncMap in gTP /Users/Jimmy/Documents/chatty/node_modules/___msgpack.npm/package/deps/msgpack/msgpack/type/int.hpp
silly asyncMap in gTP /Users/Jimmy/Documents/chatty/node_modules/___msgpack.npm/package/deps/msgpack/msgpack/type/list.hpp
silly asyncMap in gTP /Users/Jimmy/Documents/chatty/node_modules/___msgpack.npm/package/deps/msgpack/msgpack/type/map.hpp
silly asyncMap in gTP /Users/Jimmy/Documents/chatty/node_modules/___msgpack.npm/package/deps/msgpack/msgpack/type/nil.hpp
silly asyncMap in gTP /Users/Jimmy/Documents/chatty/node_modules/___msgpack.npm/package/deps/msgpack/msgpack/type/pair.hpp
silly asyncMap in gTP /Users/Jimmy/Documents/chatty/node_modules/___msgpack.npm/package/deps/msgpack/msgpack/type/raw.hpp
silly asyncMap in gTP /Users/Jimmy/Documents/chatty/node_modules/___msgpack.npm/package/deps/msgpack/msgpack/type/set.hpp
silly asyncMap in gTP /Users/Jimmy/Documents/chatty/node_modules/___msgpack.npm/package/deps/msgpack/msgpack/type/string.hpp
silly asyncMap in gTP /Users/Jimmy/Documents/chatty/node_modules/___msgpack.npm/package/deps/msgpack/msgpack/type/tuple.hpp
silly asyncMap in gTP /Users/Jimmy/Documents/chatty/node_modules/___msgpack.npm/package/deps/msgpack/msgpack/type/vector.hpp
silly asyncMap in gTP /Users/Jimmy/Documents/chatty/node_modules/___msgpack.npm/package/deps/msgpack/msgpack/type/tr1
silly asyncMap in gTP /Users/Jimmy/Documents/chatty/node_modules/___msgpack.npm/package/deps/msgpack/msgpack/type/tr1/unordered_map.hpp
silly asyncMap in gTP /Users/Jimmy/Documents/chatty/node_modules/___msgpack.npm/package/deps/msgpack/msgpack/type/tr1/unordered_set.hpp
verbose gunzed /Users/Jimmy/Documents/chatty/node_modules/___msgpack.npm/package
verbose rm'ed /Users/Jimmy/Documents/chatty/node_modules/msgpack
verbose renamed [ '/Users/Jimmy/Documents/chatty/node_modules/___msgpack.npm/package',
verbose renamed   '/Users/Jimmy/Documents/chatty/node_modules/msgpack' ]
silly testEngine { name: 'msgpack',
silly testEngine   description: 'A space-efficient object serialization library for node.js',
silly testEngine   version: '0.1.3',
silly testEngine   homepage: 'https://github.com/pgriess/node-msgpack',
silly testEngine   author: { name: 'Peter Griess', email: 'pg@std.in' },
silly testEngine   contributors: 
silly testEngine    [ { name: 'Tom Taylor',
silly testEngine        email: 'tom@tomtaylor.co.uk',
silly testEngine        url: 'http://tomtaylor.co.uk' } ],
silly testEngine   repository: 
silly testEngine    { type: 'git',
silly testEngine      url: 'git://github.com/pgriess/node-msgpack.git' },
silly testEngine   main: './lib/msgpack',
silly testEngine   directories: { lib: 'lib' },
silly testEngine   engines: { node: '>=0.1.97' },
silly testEngine   scripts: { preinstall: 'make', preuninstall: 'make clean' },
silly testEngine   bin: 
silly testEngine    { json2msgpack: './bin/json2msgpack',
silly testEngine      msgpack2json: './bin/msgpack2json' },
silly testEngine   _id: 'msgpack@0.1.3',
silly testEngine   dependencies: {},
silly testEngine   devDependencies: {},
silly testEngine   _engineSupported: true,
silly testEngine   _npmVersion: '1.0.106',
silly testEngine   _nodeVersion: 'v0.6.3',
silly testEngine   _defaultsLoaded: true }
verbose caching /Users/Jimmy/Documents/chatty/node_modules/msgpack/package.json
verbose loadDefaults msgpack@0.1.3
info preinstall msgpack@0.1.3
verbose unsafe-perm in lifecycle true
silly exec sh "-c" "make"
silly spawning [ 'sh',
silly spawning   [ '-c', 'make' ],
silly spawning   '/Users/Jimmy/Documents/chatty/node_modules/msgpack' ]
info msgpack@0.1.3 Failed to exec preinstall script
ERR! error installing msgpack@0.1.3 Error: msgpack@0.1.3 preinstall: `make`
ERR! error installing msgpack@0.1.3 `sh "-c" "make"` failed with 2
ERR! error installing msgpack@0.1.3     at ChildProcess.<anonymous> (/usr/local/lib/node_modules/npm/lib/utils/exec.js:49:20)
ERR! error installing msgpack@0.1.3     at ChildProcess.emit (events.js:70:17)
ERR! error installing msgpack@0.1.3     at maybeExit (child_process.js:359:16)
ERR! error installing msgpack@0.1.3     at Process.onexit (child_process.js:395:5)
info unbuild /Users/Jimmy/Documents/chatty/node_modules/msgpack
verbose from cache /Users/Jimmy/Documents/chatty/node_modules/msgpack/package.json
info preuninstall msgpack@0.1.3
verbose unsafe-perm in lifecycle true
silly exec sh "-c" "make clean"
silly spawning [ 'sh',
silly spawning   [ '-c', 'make clean' ],
silly spawning   '/Users/Jimmy/Documents/chatty/node_modules/msgpack' ]
info uninstall msgpack@0.1.3
verbose unbuild msgpack@0.1.3 [ true,
verbose unbuild msgpack@0.1.3   '/Users/Jimmy/Documents/chatty/node_modules',
verbose unbuild msgpack@0.1.3   '/Users/Jimmy/Documents/chatty/node_modules' ]
verbose binRoot [ '/Users/Jimmy/Documents/chatty/node_modules/.bin',
verbose binRoot   { json2msgpack: './bin/json2msgpack',
verbose binRoot     msgpack2json: './bin/msgpack2json' } ]
info postuninstall msgpack@0.1.3
verbose installOne cb msgpack@0.1.3
ERR! msgpack@0.1.3 preinstall: `make`
ERR! `sh "-c" "make"` failed with 2
ERR! 
ERR! Failed at the msgpack@0.1.3 preinstall script.
ERR! This is most likely a problem with the msgpack package,
ERR! not with npm itself.
ERR! Tell the author that this fails on your system:
ERR!     make
ERR! You can get their info via:
ERR!     npm owner ls msgpack
ERR! There is likely additional logging output above.
ERR! 
ERR! System Darwin 11.2.0
ERR! command "node" "/usr/local/bin/npm" "install" "msgpack"
ERR! cwd /Users/Jimmy/Documents/chatty
ERR! node -v v0.6.3
ERR! npm -v 1.0.106
ERR! code ELIFECYCLE
verbose exit [ 1, true ]
